{
  "RSpec": {
    "coverage": {
      "/Users/kyebracey/projects/acebook/spec/features/web_helpers.rb": [
        1,
        13,
        13,
        13,
        13,
        null,
        null,
        1,
        0,
        0,
        0,
        0,
        0,
        null,
        null,
        1,
        1,
        1,
        1,
        1,
        1,
        1,
        1,
        1,
        1,
        1,
        1,
        1,
        null,
        null,
        1,
        21,
        21,
        21,
        21,
        21,
        21,
        null,
        null,
        1,
        1,
        1,
        1,
        1,
        null
      ],
      "/Users/kyebracey/projects/acebook/spec/controllers/comments_controller_spec.rb": [
        1,
        null,
        1,
        null,
        null
      ],
      "/Users/kyebracey/projects/acebook/spec/rails_helper.rb": [
        null,
        1,
        1,
        null,
        1,
        1,
        1,
        null,
        null,
        null,
        null,
        null,
        null,
        null,
        null,
        null,
        null,
        null,
        null,
        null,
        null,
        null,
        null,
        null,
        null,
        null,
        1,
        null,
        1,
        null,
        1,
        null,
        null,
        null,
        null,
        1,
        null,
        null,
        null,
        null,
        null,
        null,
        null,
        null,
        null,
        null,
        null,
        null,
        null,
        null,
        1,
        null,
        null,
        1,
        null,
        null,
        null
      ],
      "/Users/kyebracey/projects/acebook/config/environment.rb": [
        null,
        1,
        null,
        null,
        1
      ],
      "/Users/kyebracey/projects/acebook/config/application.rb": [
        1,
        null,
        1,
        null,
        null,
        null,
        1,
        null,
        1,
        1,
        null,
        1,
        null,
        null,
        null,
        null,
        null,
        null
      ],
      "/Users/kyebracey/projects/acebook/config/boot.rb": [
        1,
        null,
        1
      ],
      "/Users/kyebracey/projects/acebook/config/environments/test.rb": [
        1,
        null,
        null,
        null,
        null,
        null,
        null,
        1,
        null,
        null,
        null,
        null,
        1,
        null,
        null,
        1,
        1,
        null,
        null,
        null,
        null,
        1,
        1,
        null,
        null,
        1,
        null,
        null,
        1,
        1,
        null,
        null,
        null,
        null,
        1,
        null,
        null,
        1,
        null,
        null,
        null,
        null
      ],
      "/Users/kyebracey/projects/acebook/config/initializers/application_controller_renderer.rb": [
        null,
        null,
        null,
        null,
        null,
        null
      ],
      "/Users/kyebracey/projects/acebook/config/initializers/assets.rb": [
        null,
        null,
        null,
        1,
        null,
        null,
        null,
        null,
        1,
        null,
        null,
        null,
        null,
        null
      ],
      "/Users/kyebracey/projects/acebook/config/initializers/backtrace_silencers.rb": [
        null,
        null,
        null,
        null,
        null,
        null,
        null
      ],
      "/Users/kyebracey/projects/acebook/config/initializers/cookies_serializer.rb": [
        null,
        null,
        null,
        null,
        1
      ],
      "/Users/kyebracey/projects/acebook/config/initializers/filter_parameter_logging.rb": [
        null,
        null,
        null,
        1
      ],
      "/Users/kyebracey/projects/acebook/config/initializers/inflections.rb": [
        null,
        null,
        null,
        null,
        null,
        null,
        null,
        null,
        null,
        null,
        null,
        null,
        null,
        null,
        null,
        null
      ],
      "/Users/kyebracey/projects/acebook/config/initializers/mime_types.rb": [
        null,
        null,
        null,
        null
      ],
      "/Users/kyebracey/projects/acebook/config/initializers/wrap_parameters.rb": [
        null,
        null,
        null,
        null,
        null,
        null,
        1,
        2,
        null,
        null,
        null,
        null,
        null,
        null
      ],
      "/Users/kyebracey/projects/acebook/config/routes.rb": [
        1,
        null,
        null,
        null,
        1,
        1,
        1,
        null,
        1,
        null,
        1,
        1,
        1,
        null,
        null,
        1,
        null,
        null
      ],
      "/Users/kyebracey/projects/acebook/app/helpers/application_helper.rb": [
        1,
        null
      ],
      "/Users/kyebracey/projects/acebook/app/helpers/comments_helper.rb": [
        1,
        null
      ],
      "/Users/kyebracey/projects/acebook/app/helpers/like_helper.rb": [
        1,
        null
      ],
      "/Users/kyebracey/projects/acebook/app/helpers/sessions_helper.rb": [
        1,
        null,
        1,
        23,
        null,
        null,
        1,
        5,
        5,
        null,
        null,
        1,
        196,
        null,
        null
      ],
      "/Users/kyebracey/projects/acebook/app/helpers/users_helper.rb": [
        1,
        null
      ],
      "/Users/kyebracey/projects/acebook/app/controllers/comments_controller.rb": [
        1,
        1,
        2,
        2,
        2,
        2,
        2,
        null,
        null,
        1,
        null,
        1,
        2,
        null,
        null,
        null
      ],
      "/Users/kyebracey/projects/acebook/app/controllers/application_controller.rb": [
        1,
        1,
        1,
        null
      ],
      "/Users/kyebracey/projects/acebook/spec/controllers/likes_controller_spec.rb": [
        1,
        null,
        1,
        null,
        null
      ],
      "/Users/kyebracey/projects/acebook/app/controllers/likes_controller.rb": [
        1,
        1,
        4,
        4,
        4,
        4,
        4,
        null,
        null,
        1,
        null,
        null,
        null,
        1,
        4,
        null,
        null
      ],
      "/Users/kyebracey/projects/acebook/spec/controllers/posts_controller_spec.rb": [
        1,
        null,
        1,
        1,
        1,
        1,
        1,
        null,
        null,
        null,
        1,
        1,
        1,
        1,
        1,
        1,
        null,
        null,
        1,
        1,
        1,
        1,
        1,
        null,
        null,
        null,
        1,
        1,
        1,
        1,
        null,
        null,
        null
      ],
      "/Users/kyebracey/projects/acebook/app/controllers/posts_controller.rb": [
        1,
        1,
        21,
        null,
        null,
        1,
        19,
        19,
        null,
        null,
        1,
        71,
        null,
        null,
        1,
        7,
        null,
        null,
        1,
        null,
        1,
        19,
        null,
        null
      ],
      "/Users/kyebracey/projects/acebook/spec/controllers/sessions_controller_spec.rb": [
        1,
        null,
        1,
        null,
        1,
        1,
        1,
        1,
        null,
        null,
        null
      ],
      "/Users/kyebracey/projects/acebook/app/controllers/sessions_controller.rb": [
        1,
        1,
        null,
        null,
        1,
        2,
        2,
        1,
        1,
        null,
        1,
        1,
        null,
        null,
        null,
        1,
        5,
        5,
        null,
        null
      ],
      "/Users/kyebracey/projects/acebook/spec/controllers/users_controller_spec.rb": [
        1,
        null,
        1,
        null,
        null
      ],
      "/Users/kyebracey/projects/acebook/app/controllers/users_controller.rb": [
        1,
        null,
        1,
        22,
        null,
        null,
        1,
        22,
        22,
        22,
        null,
        null,
        1,
        0,
        null,
        null,
        1,
        27,
        null,
        null,
        1,
        2,
        null,
        null,
        1,
        2,
        2,
        null,
        null,
        1,
        null,
        1,
        2,
        null,
        null,
        1,
        22,
        null,
        null
      ],
      "/Users/kyebracey/projects/acebook/spec/features/acebook_has_navbar_spec.rb": [
        1,
        null,
        1,
        1,
        1,
        1,
        1,
        1,
        1,
        1,
        null,
        null
      ],
      "/Users/kyebracey/projects/acebook/spec/features/posts_belong_to_a_user_spec.rb": [
        1,
        null,
        1,
        1,
        1,
        1,
        1,
        null,
        null
      ],
      "/Users/kyebracey/projects/acebook/spec/features/posts_can_have_likes_spec.rb": [
        1,
        null,
        1,
        1,
        1,
        1,
        1,
        1,
        null,
        null,
        1,
        1,
        1,
        1,
        1,
        1,
        null,
        null,
        1,
        1,
        1,
        1,
        1,
        1,
        null,
        null,
        1,
        1,
        3,
        1,
        1,
        1,
        null,
        null
      ],
      "/Users/kyebracey/projects/acebook/spec/features/user_can_comment_on_a_post_spec.rb": [
        1,
        null,
        1,
        1,
        1,
        1,
        1,
        1,
        1,
        1,
        null,
        null,
        1,
        1,
        1,
        1,
        1,
        1,
        1,
        null,
        null
      ],
      "/Users/kyebracey/projects/acebook/spec/features/user_can_only_comment_if_signed_in_spec.rb": [
        1,
        null,
        1,
        1,
        1,
        1,
        1,
        1,
        1,
        1,
        1,
        1,
        1,
        1,
        1,
        1,
        1,
        null,
        null
      ],
      "/Users/kyebracey/projects/acebook/spec/features/user_can_only_post_if_signed_in_spec.rb": [
        1,
        null,
        1,
        1,
        1,
        1,
        1,
        1,
        1,
        1,
        null,
        null,
        1,
        1,
        1,
        1,
        1,
        1,
        null,
        null
      ],
      "/Users/kyebracey/projects/acebook/spec/features/user_can_sign_out_spec.rb": [
        1,
        null,
        1,
        1,
        1,
        1,
        1,
        1,
        null,
        null
      ],
      "/Users/kyebracey/projects/acebook/spec/features/user_can_sign_up_spec.rb": [
        1,
        null,
        1,
        1,
        1,
        1,
        1,
        1,
        1,
        1,
        null,
        null
      ],
      "/Users/kyebracey/projects/acebook/spec/features/user_can_submit_posts_spec.rb": [
        1,
        null,
        1,
        1,
        1,
        1,
        1,
        1,
        1,
        1,
        null,
        null,
        1,
        1,
        1,
        1,
        null,
        null,
        1,
        1,
        1,
        1,
        1,
        1,
        null,
        null
      ],
      "/Users/kyebracey/projects/acebook/spec/features/user_profile_spec.rb": [
        1,
        null,
        1,
        1,
        1,
        1,
        1,
        1,
        1,
        null,
        null,
        1,
        1,
        1,
        null,
        null,
        1,
        1,
        1,
        1,
        1,
        1,
        null,
        null,
        1,
        1,
        1,
        null,
        null,
        1,
        1,
        1,
        1,
        1,
        1,
        1,
        null,
        null,
        1,
        1,
        1,
        1,
        1,
        1,
        null,
        null,
        null
      ],
      "/Users/kyebracey/projects/acebook/spec/helpers/comments_helper_spec.rb": [
        1,
        null,
        null,
        null,
        null,
        null,
        null,
        null,
        null,
        null,
        null,
        null,
        1,
        null,
        null
      ],
      "/Users/kyebracey/projects/acebook/spec/helpers/like_helper_spec.rb": [
        1,
        null,
        null,
        null,
        null,
        null,
        null,
        null,
        null,
        null,
        null,
        null,
        1,
        null,
        null
      ],
      "/Users/kyebracey/projects/acebook/spec/helpers/sessions_helper_spec.rb": [
        1,
        null,
        null,
        null,
        null,
        null,
        null,
        null,
        null,
        null,
        null,
        null,
        1,
        null,
        null
      ],
      "/Users/kyebracey/projects/acebook/spec/helpers/users_helper_spec.rb": [
        1,
        null,
        null,
        null,
        null,
        null,
        null,
        null,
        null,
        null,
        null,
        null,
        1,
        null,
        null
      ],
      "/Users/kyebracey/projects/acebook/spec/models/comment_spec.rb": [
        1,
        null,
        1,
        1,
        1,
        1,
        1,
        1,
        1,
        1,
        null,
        null,
        1,
        1,
        1,
        null,
        null,
        1,
        1,
        1,
        1,
        1,
        null,
        null
      ],
      "/Users/kyebracey/projects/acebook/app/models/comment.rb": [
        1,
        1,
        1,
        null
      ],
      "/Users/kyebracey/projects/acebook/app/models/application_record.rb": [
        1,
        1,
        null
      ],
      "/Users/kyebracey/projects/acebook/spec/models/like_spec.rb": [
        1,
        null,
        1,
        1,
        1,
        1,
        1,
        1,
        1,
        1,
        null,
        null,
        1,
        1,
        1,
        1,
        1,
        null,
        null,
        1,
        1,
        1,
        null,
        null
      ],
      "/Users/kyebracey/projects/acebook/app/models/like.rb": [
        1,
        1,
        1,
        null
      ],
      "/Users/kyebracey/projects/acebook/spec/models/post_spec.rb": [
        1,
        null,
        1,
        2,
        null,
        1,
        1,
        1,
        1,
        null,
        null,
        1,
        1,
        1,
        null,
        null
      ],
      "/Users/kyebracey/projects/acebook/app/models/post.rb": [
        1,
        1,
        1,
        1,
        1,
        null
      ],
      "/Users/kyebracey/projects/acebook/spec/models/user_spec.rb": [
        1,
        null,
        1,
        1,
        1,
        1,
        null,
        null,
        1,
        1,
        1,
        1,
        1,
        null,
        null,
        1,
        1,
        1,
        1,
        1,
        1,
        null,
        null
      ],
      "/Users/kyebracey/projects/acebook/app/models/user.rb": [
        1,
        null,
        1,
        1,
        null,
        1,
        null,
        1,
        1,
        null,
        1,
        null,
        null
      ],
      "/Users/kyebracey/projects/acebook/app/uploaders/avatar_uploader.rb": [
        1,
        null,
        null,
        null,
        1,
        null,
        null,
        1,
        null,
        null,
        null,
        null,
        1,
        7,
        null,
        null,
        null,
        null,
        null,
        null,
        null,
        null,
        null,
        null,
        null,
        1,
        null,
        null,
        null,
        null,
        null,
        null,
        null,
        null,
        null,
        null,
        null,
        null,
        1,
        4,
        null,
        null,
        null,
        null,
        null,
        null,
        null,
        null,
        null
      ],
      "/Users/kyebracey/projects/acebook/spec/requests/users_login_spec.rb": [
        1,
        null,
        1,
        1,
        1,
        1,
        1,
        null,
        null,
        1,
        1,
        1,
        1,
        1,
        1,
        1,
        1,
        null,
        null,
        null
      ],
      "/Users/kyebracey/projects/acebook/spec/views/sessions/new.html.erb_spec.rb": [
        1,
        null,
        1,
        null,
        null
      ]
    },
    "timestamp": 1499547275
  }
}
